<?xml version="1.0" encoding="UTF-8"?>
<coverage generated="1618196536349" clover="3.2.0">
  <project timestamp="1618196536349" name="All files">
    <metrics statements="55" coveredstatements="54" conditionals="10" coveredconditionals="9" methods="12" coveredmethods="12" elements="77" coveredelements="75" complexity="0" loc="55" ncloc="55" packages="1" files="1" classes="1"/>
    <file name="readPath.js" path="/home/laboratoria/LabProyectos/LIM014-mdlinks/src/readPath.js">
      <metrics statements="55" coveredstatements="54" conditionals="10" coveredconditionals="9" methods="12" coveredmethods="12"/>
      <line num="1" count="1" type="stmt"/>
      <line num="2" count="1" type="stmt"/>
      <line num="3" count="1" type="stmt"/>
      <line num="6" count="1" type="stmt"/>
      <line num="13" count="7" type="cond" truecount="2" falsecount="0"/>
      <line num="14" count="6" type="cond" truecount="2" falsecount="0"/>
      <line num="15" count="5" type="stmt"/>
      <line num="17" count="1" type="stmt"/>
      <line num="19" count="1" type="stmt"/>
      <line num="25" count="4" type="stmt"/>
      <line num="26" count="4" type="stmt"/>
      <line num="27" count="4" type="stmt"/>
      <line num="28" count="4" type="cond" truecount="1" falsecount="1"/>
      <line num="29" count="4" type="stmt"/>
      <line num="30" count="4" type="stmt"/>
      <line num="31" count="56" type="stmt"/>
      <line num="32" count="56" type="cond" truecount="2" falsecount="0"/>
      <line num="33" count="8" type="stmt"/>
      <line num="37" count="0" type="stmt"/>
      <line num="39" count="4" type="stmt"/>
      <line num="40" count="4" type="stmt"/>
      <line num="46" count="5" type="stmt"/>
      <line num="47" count="5" type="stmt"/>
      <line num="52" count="1" type="stmt"/>
      <line num="53" count="5" type="stmt"/>
      <line num="54" count="5" type="stmt"/>
      <line num="55" count="5" type="stmt"/>
      <line num="56" count="5" type="stmt"/>
      <line num="57" count="25" type="stmt"/>
      <line num="59" count="5" type="stmt"/>
      <line num="61" count="5" type="stmt"/>
      <line num="64" count="1" type="stmt"/>
      <line num="67" count="1" type="stmt"/>
      <line num="68" count="2" type="stmt"/>
      <line num="69" count="2" type="stmt"/>
      <line num="70" count="2" type="stmt"/>
      <line num="71" count="4" type="stmt"/>
      <line num="73" count="2" type="stmt"/>
      <line num="75" count="1" type="stmt"/>
      <line num="78" count="1" type="stmt"/>
      <line num="79" count="1" type="stmt"/>
      <line num="80" count="1" type="stmt"/>
      <line num="82" count="1" type="stmt"/>
      <line num="83" count="10" type="cond" truecount="2" falsecount="0"/>
      <line num="85" count="1" type="stmt"/>
      <line num="86" count="1" type="stmt"/>
      <line num="87" count="1" type="stmt"/>
      <line num="89" count="1" type="stmt"/>
      <line num="92" count="1" type="stmt"/>
      <line num="94" count="1" type="stmt"/>
      <line num="95" count="50" type="stmt"/>
      <line num="96" count="1" type="stmt"/>
      <line num="97" count="1" type="stmt"/>
      <line num="99" count="1" type="stmt"/>
      <line num="101" count="1" type="stmt"/>
    </file>
  </project>
</coverage>
