{"/home/laboratoria/LabProyectos/LIM014-mdlinks/src/readPath.js": {"path":"/home/laboratoria/LabProyectos/LIM014-mdlinks/src/readPath.js","statementMap":{"0":{"start":{"line":1,"column":11},"end":{"line":1,"column":24}},"1":{"start":{"line":2,"column":13},"end":{"line":2,"column":28}},"2":{"start":{"line":3,"column":15},"end":{"line":3,"column":32}},"3":{"start":{"line":6,"column":15},"end":{"line":6,"column":62}},"4":{"start":{"line":13,"column":2},"end":{"line":18,"column":3}},"5":{"start":{"line":14,"column":4},"end":{"line":16,"column":5}},"6":{"start":{"line":15,"column":6},"end":{"line":15,"column":19}},"7":{"start":{"line":17,"column":4},"end":{"line":17,"column":31}},"8":{"start":{"line":19,"column":2},"end":{"line":19,"column":42}},"9":{"start":{"line":25,"column":17},"end":{"line":25,"column":34}},"10":{"start":{"line":26,"column":2},"end":{"line":26,"column":28}},"11":{"start":{"line":27,"column":15},"end":{"line":27,"column":17}},"12":{"start":{"line":28,"column":2},"end":{"line":38,"column":3}},"13":{"start":{"line":29,"column":26},"end":{"line":29,"column":48}},"14":{"start":{"line":30,"column":4},"end":{"line":35,"column":7}},"15":{"start":{"line":31,"column":23},"end":{"line":31,"column":46}},"16":{"start":{"line":32,"column":6},"end":{"line":34,"column":7}},"17":{"start":{"line":33,"column":8},"end":{"line":33,"column":41}},"18":{"start":{"line":37,"column":4},"end":{"line":37,"column":30}},"19":{"start":{"line":39,"column":2},"end":{"line":39,"column":28}},"20":{"start":{"line":40,"column":2},"end":{"line":40,"column":16}},"21":{"start":{"line":46,"column":19},"end":{"line":46,"column":52}},"22":{"start":{"line":47,"column":2},"end":{"line":47,"column":18}},"23":{"start":{"line":52,"column":19},"end":{"line":62,"column":1}},"24":{"start":{"line":53,"column":19},"end":{"line":53,"column":40}},"25":{"start":{"line":54,"column":22},"end":{"line":54,"column":40}},"26":{"start":{"line":55,"column":14},"end":{"line":55,"column":16}},"27":{"start":{"line":56,"column":2},"end":{"line":58,"column":4}},"28":{"start":{"line":57,"column":4},"end":{"line":57,"column":56}},"29":{"start":{"line":59,"column":2},"end":{"line":59,"column":36}},"30":{"start":{"line":61,"column":2},"end":{"line":61,"column":15}},"31":{"start":{"line":64,"column":0},"end":{"line":64,"column":84}},"32":{"start":{"line":67,"column":22},"end":{"line":74,"column":1}},"33":{"start":{"line":68,"column":17},"end":{"line":68,"column":19}},"34":{"start":{"line":69,"column":16},"end":{"line":69,"column":30}},"35":{"start":{"line":70,"column":2},"end":{"line":72,"column":5}},"36":{"start":{"line":71,"column":4},"end":{"line":71,"column":50}},"37":{"start":{"line":73,"column":2},"end":{"line":73,"column":18}},"38":{"start":{"line":75,"column":0},"end":{"line":75,"column":87}},"39":{"start":{"line":78,"column":18},"end":{"line":90,"column":1}},"40":{"start":{"line":79,"column":19},"end":{"line":79,"column":39}},"41":{"start":{"line":80,"column":21},"end":{"line":80,"column":23}},"42":{"start":{"line":82,"column":2},"end":{"line":84,"column":5}},"43":{"start":{"line":83,"column":4},"end":{"line":83,"column":74}},"44":{"start":{"line":83,"column":44},"end":{"line":83,"column":74}},"45":{"start":{"line":85,"column":14},"end":{"line":85,"column":29}},"46":{"start":{"line":86,"column":17},"end":{"line":86,"column":34}},"47":{"start":{"line":87,"column":17},"end":{"line":87,"column":55}},"48":{"start":{"line":89,"column":2},"end":{"line":89,"column":16}},"49":{"start":{"line":92,"column":0},"end":{"line":92,"column":83}},"50":{"start":{"line":94,"column":20},"end":{"line":98,"column":1}},"51":{"start":{"line":95,"column":22},"end":{"line":95,"column":82}},"52":{"start":{"line":95,"column":60},"end":{"line":95,"column":81}},"53":{"start":{"line":96,"column":16},"end":{"line":96,"column":48}},"54":{"start":{"line":97,"column":2},"end":{"line":97,"column":15}},"55":{"start":{"line":99,"column":0},"end":{"line":99,"column":85}},"56":{"start":{"line":101,"column":0},"end":{"line":105,"column":2}}},"fnMap":{"0":{"name":"miFuncion","decl":{"start":{"line":12,"column":9},"end":{"line":12,"column":18}},"loc":{"start":{"line":12,"column":26},"end":{"line":20,"column":1}},"line":12},"1":{"name":"archivo","decl":{"start":{"line":24,"column":9},"end":{"line":24,"column":16}},"loc":{"start":{"line":24,"column":19},"end":{"line":41,"column":1}},"line":24},"2":{"name":"(anonymous_2)","decl":{"start":{"line":30,"column":26},"end":{"line":30,"column":27}},"loc":{"start":{"line":30,"column":36},"end":{"line":35,"column":5}},"line":30},"3":{"name":"leerArchivo","decl":{"start":{"line":45,"column":9},"end":{"line":45,"column":20}},"loc":{"start":{"line":45,"column":28},"end":{"line":48,"column":1}},"line":45},"4":{"name":"(anonymous_4)","decl":{"start":{"line":52,"column":19},"end":{"line":52,"column":20}},"loc":{"start":{"line":52,"column":30},"end":{"line":62,"column":1}},"line":52},"5":{"name":"(anonymous_5)","decl":{"start":{"line":56,"column":18},"end":{"line":56,"column":19}},"loc":{"start":{"line":56,"column":40},"end":{"line":58,"column":3}},"line":56},"6":{"name":"(anonymous_6)","decl":{"start":{"line":67,"column":22},"end":{"line":67,"column":23}},"loc":{"start":{"line":67,"column":33},"end":{"line":74,"column":1}},"line":67},"7":{"name":"(anonymous_7)","decl":{"start":{"line":70,"column":16},"end":{"line":70,"column":17}},"loc":{"start":{"line":70,"column":22},"end":{"line":72,"column":3}},"line":70},"8":{"name":"(anonymous_8)","decl":{"start":{"line":78,"column":18},"end":{"line":78,"column":19}},"loc":{"start":{"line":78,"column":29},"end":{"line":90,"column":1}},"line":78},"9":{"name":"(anonymous_9)","decl":{"start":{"line":82,"column":19},"end":{"line":82,"column":20}},"loc":{"start":{"line":82,"column":32},"end":{"line":84,"column":3}},"line":82},"10":{"name":"(anonymous_10)","decl":{"start":{"line":94,"column":20},"end":{"line":94,"column":21}},"loc":{"start":{"line":94,"column":31},"end":{"line":98,"column":1}},"line":94},"11":{"name":"(anonymous_11)","decl":{"start":{"line":95,"column":47},"end":{"line":95,"column":48}},"loc":{"start":{"line":95,"column":60},"end":{"line":95,"column":81}},"line":95}},"branchMap":{"0":{"loc":{"start":{"line":13,"column":2},"end":{"line":18,"column":3}},"type":"if","locations":[{"start":{"line":13,"column":2},"end":{"line":18,"column":3}},{"start":{"line":13,"column":2},"end":{"line":18,"column":3}}],"line":13},"1":{"loc":{"start":{"line":14,"column":4},"end":{"line":16,"column":5}},"type":"if","locations":[{"start":{"line":14,"column":4},"end":{"line":16,"column":5}},{"start":{"line":14,"column":4},"end":{"line":16,"column":5}}],"line":14},"2":{"loc":{"start":{"line":28,"column":2},"end":{"line":38,"column":3}},"type":"if","locations":[{"start":{"line":28,"column":2},"end":{"line":38,"column":3}},{"start":{"line":28,"column":2},"end":{"line":38,"column":3}}],"line":28},"3":{"loc":{"start":{"line":32,"column":6},"end":{"line":34,"column":7}},"type":"if","locations":[{"start":{"line":32,"column":6},"end":{"line":34,"column":7}},{"start":{"line":32,"column":6},"end":{"line":34,"column":7}}],"line":32},"4":{"loc":{"start":{"line":83,"column":4},"end":{"line":83,"column":74}},"type":"if","locations":[{"start":{"line":83,"column":4},"end":{"line":83,"column":74}},{"start":{"line":83,"column":4},"end":{"line":83,"column":74}}],"line":83}},"s":{"0":1,"1":1,"2":1,"3":1,"4":7,"5":6,"6":5,"7":1,"8":1,"9":4,"10":4,"11":4,"12":4,"13":4,"14":4,"15":56,"16":56,"17":8,"18":0,"19":4,"20":4,"21":5,"22":5,"23":1,"24":5,"25":5,"26":5,"27":5,"28":25,"29":5,"30":5,"31":1,"32":1,"33":2,"34":2,"35":2,"36":4,"37":2,"38":1,"39":1,"40":1,"41":1,"42":1,"43":10,"44":5,"45":1,"46":1,"47":1,"48":1,"49":1,"50":1,"51":1,"52":50,"53":1,"54":1,"55":1,"56":1},"f":{"0":7,"1":4,"2":56,"3":5,"4":5,"5":25,"6":2,"7":4,"8":1,"9":10,"10":1,"11":50},"b":{"0":[6,1],"1":[5,1],"2":[4,0],"3":[8,48],"4":[5,5]},"_coverageSchema":"1a1c01bbd47fc00a2c39e90264f33305004495a9","hash":"6e7b08e58318e32be11126a9e8e1f29254375929"}
}
