TN:
SF:src/readPath.js
FN:12,miFuncion
FN:24,archivo
FN:30,(anonymous_2)
FN:45,leerArchivo
FN:52,(anonymous_4)
FN:56,(anonymous_5)
FN:67,(anonymous_6)
FN:70,(anonymous_7)
FN:78,(anonymous_8)
FN:82,(anonymous_9)
FN:94,(anonymous_10)
FN:95,(anonymous_11)
FNF:12
FNH:12
FNDA:7,miFuncion
FNDA:4,archivo
FNDA:56,(anonymous_2)
FNDA:5,leerArchivo
FNDA:5,(anonymous_4)
FNDA:25,(anonymous_5)
FNDA:2,(anonymous_6)
FNDA:4,(anonymous_7)
FNDA:1,(anonymous_8)
FNDA:10,(anonymous_9)
FNDA:1,(anonymous_10)
FNDA:50,(anonymous_11)
DA:1,1
DA:2,1
DA:3,1
DA:6,1
DA:13,7
DA:14,6
DA:15,5
DA:17,1
DA:19,1
DA:25,4
DA:26,4
DA:27,4
DA:28,4
DA:29,4
DA:30,4
DA:31,56
DA:32,56
DA:33,8
DA:37,0
DA:39,4
DA:40,4
DA:46,5
DA:47,5
DA:52,1
DA:53,5
DA:54,5
DA:55,5
DA:56,5
DA:57,25
DA:59,5
DA:61,5
DA:64,1
DA:67,1
DA:68,2
DA:69,2
DA:70,2
DA:71,4
DA:73,2
DA:75,1
DA:78,1
DA:79,1
DA:80,1
DA:82,1
DA:83,10
DA:85,1
DA:86,1
DA:87,1
DA:89,1
DA:92,1
DA:94,1
DA:95,50
DA:96,1
DA:97,1
DA:99,1
DA:101,1
LF:55
LH:54
BRDA:13,0,0,6
BRDA:13,0,1,1
BRDA:14,1,0,5
BRDA:14,1,1,1
BRDA:28,2,0,4
BRDA:28,2,1,0
BRDA:32,3,0,8
BRDA:32,3,1,48
BRDA:83,4,0,5
BRDA:83,4,1,5
BRF:10
BRH:9
end_of_record
